app/build/intermediates/manifest_merge_blame_file/devDebug/manifest-merger-blame-dev-debug-report.txt
1<?xml version="1.0" encoding="utf-8"?>
2<manifest xmlns:android="http://schemas.android.com/apk/res/android"
3    package="com.sun.structure_android.dev"
4    android:versionCode="1"
5    android:versionName="1.0" >
6
7    <uses-sdk
8        android:minSdkVersion="23"
9        android:targetSdkVersion="34" />
10
11    <uses-permission android:name="android.permission.INTERNET" />
11-->src/main/AndroidManifest.xml:5:5-67
11-->src/main/AndroidManifest.xml:5:22-64
12
13    <permission
13-->[androidx.core:core:1.9.0] AndroidManifest.xml:22:5-24:47
14        android:name="com.sun.structure_android.dev.DYNAMIC_RECEIVER_NOT_EXPORTED_PERMISSION"
14-->[androidx.core:core:1.9.0] AndroidManifest.xml:23:9-81
15        android:protectionLevel="signature" />
15-->[androidx.core:core:1.9.0] AndroidManifest.xml:24:9-44
16
17    <uses-permission android:name="com.sun.structure_android.dev.DYNAMIC_RECEIVER_NOT_EXPORTED_PERMISSION" />
17-->[androidx.core:core:1.9.0] AndroidManifest.xml:26:5-97
17-->[androidx.core:core:1.9.0] AndroidManifest.xml:26:22-94
18
19    <application
19-->src/main/AndroidManifest.xml:7:5-24:19
20        android:name="com.sun.android.AndroidApplication"
20-->src/main/AndroidManifest.xml:8:9-43
21        android:allowBackup="true"
21-->src/main/AndroidManifest.xml:9:9-35
22        android:appComponentFactory="androidx.core.app.CoreComponentFactory"
22-->[androidx.core:core:1.9.0] AndroidManifest.xml:28:18-86
23        android:debuggable="true"
24        android:extractNativeLibs="false"
25        android:icon="@mipmap/ic_launcher"
25-->src/main/AndroidManifest.xml:10:9-43
26        android:label="@string/app_name"
26-->src/main/AndroidManifest.xml:11:9-41
27        android:roundIcon="@mipmap/ic_launcher_round"
27-->src/main/AndroidManifest.xml:12:9-54
28        android:supportsRtl="true"
28-->src/main/AndroidManifest.xml:13:9-35
29        android:testOnly="true"
30        android:theme="@style/Theme.Structure_Android" >
30-->src/main/AndroidManifest.xml:14:9-55
31        <activity
31-->src/main/AndroidManifest.xml:15:9-23:20
32            android:name="com.sun.android.ui.MainActivity"
32-->src/main/AndroidManifest.xml:16:13-59
33            android:exported="true" >
33-->src/main/AndroidManifest.xml:17:13-36
34            <intent-filter>
34-->src/main/AndroidManifest.xml:18:13-22:29
35                <action android:name="android.intent.action.MAIN" />
35-->src/main/AndroidManifest.xml:19:17-69
35-->src/main/AndroidManifest.xml:19:25-66
36
37                <category android:name="android.intent.category.LAUNCHER" />
37-->src/main/AndroidManifest.xml:21:17-77
37-->src/main/AndroidManifest.xml:21:27-74
38            </intent-filter>
39        </activity>
40
41        <provider
41-->[androidx.emoji2:emoji2:1.2.0] AndroidManifest.xml:24:9-32:20
42            android:name="androidx.startup.InitializationProvider"
42-->[androidx.emoji2:emoji2:1.2.0] AndroidManifest.xml:25:13-67
43            android:authorities="com.sun.structure_android.dev.androidx-startup"
43-->[androidx.emoji2:emoji2:1.2.0] AndroidManifest.xml:26:13-68
44            android:exported="false" >
44-->[androidx.emoji2:emoji2:1.2.0] AndroidManifest.xml:27:13-37
45            <meta-data
45-->[androidx.emoji2:emoji2:1.2.0] AndroidManifest.xml:29:13-31:52
46                android:name="androidx.emoji2.text.EmojiCompatInitializer"
46-->[androidx.emoji2:emoji2:1.2.0] AndroidManifest.xml:30:17-75
47                android:value="androidx.startup" />
47-->[androidx.emoji2:emoji2:1.2.0] AndroidManifest.xml:31:17-49
48            <meta-data
48-->[androidx.lifecycle:lifecycle-process:2.6.0] AndroidManifest.xml:29:13-31:52
49                android:name="androidx.lifecycle.ProcessLifecycleInitializer"
49-->[androidx.lifecycle:lifecycle-process:2.6.0] AndroidManifest.xml:30:17-78
50                android:value="androidx.startup" />
50-->[androidx.lifecycle:lifecycle-process:2.6.0] AndroidManifest.xml:31:17-49
51            <meta-data
51-->[androidx.profileinstaller:profileinstaller:1.2.1] AndroidManifest.xml:30:13-32:52
52                android:name="androidx.profileinstaller.ProfileInstallerInitializer"
52-->[androidx.profileinstaller:profileinstaller:1.2.1] AndroidManifest.xml:31:17-85
53                android:value="androidx.startup" />
53-->[androidx.profileinstaller:profileinstaller:1.2.1] AndroidManifest.xml:32:17-49
54        </provider>
55
56        <uses-library
56-->[androidx.window:window:1.0.0] AndroidManifest.xml:25:9-27:40
57            android:name="androidx.window.extensions"
57-->[androidx.window:window:1.0.0] AndroidManifest.xml:26:13-54
58            android:required="false" />
58-->[androidx.window:window:1.0.0] AndroidManifest.xml:27:13-37
59        <uses-library
59-->[androidx.window:window:1.0.0] AndroidManifest.xml:28:9-30:40
60            android:name="androidx.window.sidecar"
60-->[androidx.window:window:1.0.0] AndroidManifest.xml:29:13-51
61            android:required="false" />
61-->[androidx.window:window:1.0.0] AndroidManifest.xml:30:13-37
62
63        <service
63-->[androidx.room:room-runtime:2.5.2] AndroidManifest.xml:24:9-28:63
64            android:name="androidx.room.MultiInstanceInvalidationService"
64-->[androidx.room:room-runtime:2.5.2] AndroidManifest.xml:25:13-74
65            android:directBootAware="true"
65-->[androidx.room:room-runtime:2.5.2] AndroidManifest.xml:26:13-43
66            android:exported="false" />
66-->[androidx.room:room-runtime:2.5.2] AndroidManifest.xml:27:13-37
67
68        <receiver
68-->[androidx.profileinstaller:profileinstaller:1.2.1] AndroidManifest.xml:35:9-47:20
69            android:name="androidx.profileinstaller.ProfileInstallReceiver"
69-->[androidx.profileinstaller:profileinstaller:1.2.1] AndroidManifest.xml:36:13-76
70            android:directBootAware="false"
70-->[androidx.profileinstaller:profileinstaller:1.2.1] AndroidManifest.xml:37:13-44
71            android:enabled="true"
71-->[androidx.profileinstaller:profileinstaller:1.2.1] AndroidManifest.xml:38:13-35
72            android:exported="true"
72-->[androidx.profileinstaller:profileinstaller:1.2.1] AndroidManifest.xml:39:13-36
73            android:permission="android.permission.DUMP" >
73-->[androidx.profileinstaller:profileinstaller:1.2.1] AndroidManifest.xml:40:13-57
74            <intent-filter>
74-->[androidx.profileinstaller:profileinstaller:1.2.1] AndroidManifest.xml:41:13-43:29
75                <action android:name="androidx.profileinstaller.action.INSTALL_PROFILE" />
75-->[androidx.profileinstaller:profileinstaller:1.2.1] AndroidManifest.xml:42:17-91
75-->[androidx.profileinstaller:profileinstaller:1.2.1] AndroidManifest.xml:42:25-88
76            </intent-filter>
77            <intent-filter>
77-->[androidx.profileinstaller:profileinstaller:1.2.1] AndroidManifest.xml:44:13-46:29
78                <action android:name="androidx.profileinstaller.action.SKIP_FILE" />
78-->[androidx.profileinstaller:profileinstaller:1.2.1] AndroidManifest.xml:45:17-85
78-->[androidx.profileinstaller:profileinstaller:1.2.1] AndroidManifest.xml:45:25-82
79            </intent-filter>
80        </receiver>
81    </application>
82
83</manifest>